<?xml version="1.0" encoding="UTF-8"?>
<!-- Generated by org.testng.reporters.JUnitReportReporter -->
<testsuite hostname="DELL-3521" failures="0" tests="2" name="JAVAStream.Practice_Set" time="130.024" errors="0" timestamp="15 Dec 2021 16:59:00 GMT" skipped="0">
  <testcase classname="JAVAStream.Practice_Set" name="Practice_not_hard_code" time="91.116"/>
  <testcase classname="JAVAStream.Practice_Set" name="Windows_Popup" time="38.908"/>
</testsuite> <!-- JAVAStream.Practice_Set -->
