<?xml version="1.0" encoding="UTF-8"?>
<!-- Generated by org.testng.reporters.JUnitReportReporter -->
<testsuite hostname="DELL-3521" failures="0" tests="1" name="TestNG.NewTest" time="21.119" errors="0" timestamp="21 Jun 2021 16:33:10 GMT" skipped="0">
  <testcase classname="TestNG.NewTest" name="Newstour" time="21.119"/>
</testsuite> <!-- TestNG.NewTest -->
