<?xml version="1.0" encoding="UTF-8"?>
<!-- Generated by org.testng.reporters.JUnitReportReporter -->
<testsuite hostname="DELL-3521" failures="0" tests="1" name="Misc.JAVAStream" time="0.030" errors="0" timestamp="15 Jul 2021 17:28:32 GMT" skipped="0">
  <testcase classname="Misc.JAVAStream" name="Streamap" time="0.030"/>
</testsuite> <!-- Misc.JAVAStream -->
