<?xml version="1.0" encoding="UTF-8"?>
<!-- Generated by org.testng.reporters.JUnitReportReporter -->
<testsuite hostname="DELL-3521" failures="0" tests="1" name="TestNG.Test1231231" time="0.005" errors="0" timestamp="22 Jun 2021 08:19:47 GMT" skipped="0">
  <testcase classname="TestNG.Test1231231" name="Welcome22" time="0.005"/>
</testsuite> <!-- TestNG.Test1231231 -->
