<?xml version="1.0" encoding="UTF-8"?>
<!-- Generated by org.testng.reporters.JUnitReportReporter -->
<testsuite hostname="DELL-3521" failures="0" tests="1" name="TestNG.test2" time="0.073" errors="0" timestamp="09 Aug 2021 08:28:15 GMT" skipped="0">
  <testcase classname="TestNG.test2" name="mobileLoan" time="0.073"/>
</testsuite> <!-- TestNG.test2 -->
